{"tag": "function", "depth": 1, "time": 1614074098.6355886, "data": {"name": "clear_app", "call_args": {"package": "com.sxc.bossbb"}, "start_time": 1614074098.486706, "ret": null, "end_time": 1614074098.6355886}}
{"tag": "function", "depth": 1, "time": 1614074099.0119538, "data": {"name": "start_app", "call_args": {"package": "com.sxc.bossbb", "activity": null}, "start_time": 1614074098.6361341, "ret": null, "end_time": 1614074099.0119538}}
{"tag": "function", "depth": 1, "time": 1614074101.0131679, "data": {"name": "sleep", "call_args": {"secs": 2}, "start_time": 1614074099.0119538, "ret": null, "end_time": 1614074101.0131679}}
{"tag": "function", "depth": 1, "time": 1614074101.0844495, "data": {"name": "record_ui", "call_args": {"driver": "<poco.drivers.android.uiautomation.AndroidUiautomationPoco object at 0x0000019494607CF8>", "action": "'click'", "ui": "UIObjectProxy of \"text=\u624b\u673a\u53f7\u767b\u5f55\"", "args": "[0.5, 0.3217948717948718]"}, "start_time": 1614074101.0839586, "ret": "UIObjectProxy of \"text=\u624b\u673a\u53f7\u767b\u5f55\"", "end_time": 1614074101.0844495}}
{"tag": "function", "depth": 2, "time": 1614074108.2924716, "data": {"name": "try_log_screen", "call_args": {"screen": null, "quality": null, "max_size": null}, "start_time": 1614074102.4007745, "traceback": "Traceback (most recent call last):\n  File \"C:\\Users\\Administrator\\AppData\\Local\\Programs\\Python\\Python36\\lib\\site-packages\\airtest\\utils\\logwraper.py\", line 84, in wrapper\n    res = f(*args, **kwargs)\n  File \"C:\\Users\\Administrator\\AppData\\Local\\Programs\\Python\\Python36\\lib\\site-packages\\airtest\\core\\cv.py\", line 103, in try_log_screen\n    screen = G.DEVICE.snapshot(quality=quality)\n  File \"C:\\Users\\Administrator\\AppData\\Local\\Programs\\Python\\Python36\\lib\\site-packages\\airtest\\core\\android\\android.py\", line 260, in snapshot\n    screen = self.minicap.get_frame_from_stream()\n  File \"C:\\Users\\Administrator\\AppData\\Local\\Programs\\Python\\Python36\\lib\\site-packages\\airtest\\core\\android\\minicap.py\", line 24, in wrapper\n    return func(inst, *args, **kwargs)\n  File \"C:\\Users\\Administrator\\AppData\\Local\\Programs\\Python\\Python36\\lib\\site-packages\\airtest\\core\\android\\minicap.py\", line 357, in get_frame_from_stream\n    self.frame_gen = self.get_stream()\n  File \"C:\\Users\\Administrator\\AppData\\Local\\Programs\\Python\\Python36\\lib\\site-packages\\airtest\\utils\\snippet.py\", line 107, in ready_func\n    return func(inst, *args, **kwargs)\n  File \"C:\\Users\\Administrator\\AppData\\Local\\Programs\\Python\\Python36\\lib\\site-packages\\airtest\\core\\android\\minicap.py\", line 245, in get_stream\n    stopped = next(gen)\n  File \"C:\\Users\\Administrator\\AppData\\Local\\Programs\\Python\\Python36\\lib\\site-packages\\airtest\\core\\android\\minicap.py\", line 259, in _get_stream\n    proc, nbsp, localport = self._setup_stream_server(lazy=lazy)\n  File \"C:\\Users\\Administrator\\AppData\\Local\\Programs\\Python\\Python36\\lib\\site-packages\\airtest\\core\\android\\minicap.py\", line 330, in _setup_stream_server\n    raise RuntimeError(\"minicap server setup timeout\")\nRuntimeError: minicap server setup timeout\n", "end_time": 1614074108.2924716}}
{"tag": "function", "depth": 1, "time": 1614074108.2974858, "data": {"name": "touch", "call_args": {"v": [540.0, 753.0], "kwargs": {"duration": 0.01}, "times": 1}, "start_time": 1614074102.4007745, "traceback": "Traceback (most recent call last):\n  File \"C:\\Users\\Administrator\\AppData\\Local\\Programs\\Python\\Python36\\lib\\site-packages\\airtest\\utils\\logwraper.py\", line 84, in wrapper\n    res = f(*args, **kwargs)\n  File \"C:\\Users\\Administrator\\AppData\\Local\\Programs\\Python\\Python36\\lib\\site-packages\\airtest\\core\\api.py\", line 263, in touch\n    try_log_screen()\n  File \"C:\\Users\\Administrator\\AppData\\Local\\Programs\\Python\\Python36\\lib\\site-packages\\airtest\\utils\\logwraper.py\", line 84, in wrapper\n    res = f(*args, **kwargs)\n  File \"C:\\Users\\Administrator\\AppData\\Local\\Programs\\Python\\Python36\\lib\\site-packages\\airtest\\core\\cv.py\", line 103, in try_log_screen\n    screen = G.DEVICE.snapshot(quality=quality)\n  File \"C:\\Users\\Administrator\\AppData\\Local\\Programs\\Python\\Python36\\lib\\site-packages\\airtest\\core\\android\\android.py\", line 260, in snapshot\n    screen = self.minicap.get_frame_from_stream()\n  File \"C:\\Users\\Administrator\\AppData\\Local\\Programs\\Python\\Python36\\lib\\site-packages\\airtest\\core\\android\\minicap.py\", line 24, in wrapper\n    return func(inst, *args, **kwargs)\n  File \"C:\\Users\\Administrator\\AppData\\Local\\Programs\\Python\\Python36\\lib\\site-packages\\airtest\\core\\android\\minicap.py\", line 357, in get_frame_from_stream\n    self.frame_gen = self.get_stream()\n  File \"C:\\Users\\Administrator\\AppData\\Local\\Programs\\Python\\Python36\\lib\\site-packages\\airtest\\utils\\snippet.py\", line 107, in ready_func\n    return func(inst, *args, **kwargs)\n  File \"C:\\Users\\Administrator\\AppData\\Local\\Programs\\Python\\Python36\\lib\\site-packages\\airtest\\core\\android\\minicap.py\", line 245, in get_stream\n    stopped = next(gen)\n  File \"C:\\Users\\Administrator\\AppData\\Local\\Programs\\Python\\Python36\\lib\\site-packages\\airtest\\core\\android\\minicap.py\", line 259, in _get_stream\n    proc, nbsp, localport = self._setup_stream_server(lazy=lazy)\n  File \"C:\\Users\\Administrator\\AppData\\Local\\Programs\\Python\\Python36\\lib\\site-packages\\airtest\\core\\android\\minicap.py\", line 330, in _setup_stream_server\n    raise RuntimeError(\"minicap server setup timeout\")\nRuntimeError: minicap server setup timeout\n", "end_time": 1614074108.2974858}}
{"tag": "function", "depth": 2, "time": 1614074113.7938938, "data": {"name": "try_log_screen", "call_args": {"screen": null, "quality": null, "max_size": null}, "start_time": 1614074108.2979863, "traceback": "Traceback (most recent call last):\n  File \"C:\\Users\\Administrator\\AppData\\Local\\Programs\\Python\\Python36\\lib\\site-packages\\airtest\\cli\\runner.py\", line 70, in runTest\n    exec(compile(code.encode(\"utf-8\"), pyfilepath, 'exec'), self.scope)\n  File \"D:\\wangmin\\air\\1\\godsprojects\\godsprojects\\bossbb.air\\bossbb.py\", line 23, in <module>\n    poco(text=\"\u624b\u673a\u53f7\u767b\u5f55\").click()\n  File \"C:\\Users\\Administrator\\AppData\\Local\\Programs\\Python\\Python36\\lib\\site-packages\\poco\\proxy.py\", line 23, in wrapped\n    return func(proxy, *args, **kwargs)\n  File \"C:\\Users\\Administrator\\AppData\\Local\\Programs\\Python\\Python36\\lib\\site-packages\\poco\\proxy.py\", line 334, in click\n    ret = self.poco.click(pos_in_percentage)\n  File \"C:\\Users\\Administrator\\AppData\\Local\\Programs\\Python\\Python36\\lib\\site-packages\\poco\\pocofw.py\", line 252, in click\n    ret = self.agent.input.click(pos[0], pos[1])\n  File \"C:\\Users\\Administrator\\AppData\\Local\\Programs\\Python\\Python36\\lib\\site-packages\\poco\\utils\\airtest\\input.py\", line 81, in click\n    touch(pos, duration=self.default_touch_down_duration)\n  File \"C:\\Users\\Administrator\\AppData\\Local\\Programs\\Python\\Python36\\lib\\site-packages\\airtest\\utils\\logwraper.py\", line 84, in wrapper\n    res = f(*args, **kwargs)\n  File \"C:\\Users\\Administrator\\AppData\\Local\\Programs\\Python\\Python36\\lib\\site-packages\\airtest\\core\\api.py\", line 263, in touch\n    try_log_screen()\n  File \"C:\\Users\\Administrator\\AppData\\Local\\Programs\\Python\\Python36\\lib\\site-packages\\airtest\\utils\\logwraper.py\", line 84, in wrapper\n    res = f(*args, **kwargs)\n  File \"C:\\Users\\Administrator\\AppData\\Local\\Programs\\Python\\Python36\\lib\\site-packages\\airtest\\core\\cv.py\", line 103, in try_log_screen\n    screen = G.DEVICE.snapshot(quality=quality)\n  File \"C:\\Users\\Administrator\\AppData\\Local\\Programs\\Python\\Python36\\lib\\site-packages\\airtest\\core\\android\\android.py\", line 260, in snapshot\n    screen = self.minicap.get_frame_from_stream()\n  File \"C:\\Users\\Administrator\\AppData\\Local\\Programs\\Python\\Python36\\lib\\site-packages\\airtest\\core\\android\\minicap.py\", line 24, in wrapper\n    return func(inst, *args, **kwargs)\n  File \"C:\\Users\\Administrator\\AppData\\Local\\Programs\\Python\\Python36\\lib\\site-packages\\airtest\\core\\android\\minicap.py\", line 357, in get_frame_from_stream\n    self.frame_gen = self.get_stream()\n  File \"C:\\Users\\Administrator\\AppData\\Local\\Programs\\Python\\Python36\\lib\\site-packages\\airtest\\utils\\snippet.py\", line 107, in ready_func\n    return func(inst, *args, **kwargs)\n  File \"C:\\Users\\Administrator\\AppData\\Local\\Programs\\Python\\Python36\\lib\\site-packages\\airtest\\core\\android\\minicap.py\", line 245, in get_stream\n    stopped = next(gen)\n  File \"C:\\Users\\Administrator\\AppData\\Local\\Programs\\Python\\Python36\\lib\\site-packages\\airtest\\core\\android\\minicap.py\", line 259, in _get_stream\n    proc, nbsp, localport = self._setup_stream_server(lazy=lazy)\n  File \"C:\\Users\\Administrator\\AppData\\Local\\Programs\\Python\\Python36\\lib\\site-packages\\airtest\\core\\android\\minicap.py\", line 330, in _setup_stream_server\n    raise RuntimeError(\"minicap server setup timeout\")\nRuntimeError: minicap server setup timeout\n\nDuring handling of the above exception, another exception occurred:\n\nTraceback (most recent call last):\n  File \"C:\\Users\\Administrator\\AppData\\Local\\Programs\\Python\\Python36\\lib\\site-packages\\airtest\\utils\\logwraper.py\", line 84, in wrapper\n    res = f(*args, **kwargs)\n  File \"C:\\Users\\Administrator\\AppData\\Local\\Programs\\Python\\Python36\\lib\\site-packages\\airtest\\core\\cv.py\", line 103, in try_log_screen\n    screen = G.DEVICE.snapshot(quality=quality)\n  File \"C:\\Users\\Administrator\\AppData\\Local\\Programs\\Python\\Python36\\lib\\site-packages\\airtest\\core\\android\\android.py\", line 260, in snapshot\n    screen = self.minicap.get_frame_from_stream()\n  File \"C:\\Users\\Administrator\\AppData\\Local\\Programs\\Python\\Python36\\lib\\site-packages\\airtest\\core\\android\\minicap.py\", line 24, in wrapper\n    return func(inst, *args, **kwargs)\n  File \"C:\\Users\\Administrator\\AppData\\Local\\Programs\\Python\\Python36\\lib\\site-packages\\airtest\\core\\android\\minicap.py\", line 357, in get_frame_from_stream\n    self.frame_gen = self.get_stream()\n  File \"C:\\Users\\Administrator\\AppData\\Local\\Programs\\Python\\Python36\\lib\\site-packages\\airtest\\utils\\snippet.py\", line 107, in ready_func\n    return func(inst, *args, **kwargs)\n  File \"C:\\Users\\Administrator\\AppData\\Local\\Programs\\Python\\Python36\\lib\\site-packages\\airtest\\core\\android\\minicap.py\", line 245, in get_stream\n    stopped = next(gen)\n  File \"C:\\Users\\Administrator\\AppData\\Local\\Programs\\Python\\Python36\\lib\\site-packages\\airtest\\core\\android\\minicap.py\", line 259, in _get_stream\n    proc, nbsp, localport = self._setup_stream_server(lazy=lazy)\n  File \"C:\\Users\\Administrator\\AppData\\Local\\Programs\\Python\\Python36\\lib\\site-packages\\airtest\\core\\android\\minicap.py\", line 330, in _setup_stream_server\n    raise RuntimeError(\"minicap server setup timeout\")\nRuntimeError: minicap server setup timeout\n", "end_time": 1614074113.7938938}}
