{"tag": "function", "depth": 2, "time": 1614062489.1255343, "data": {"name": "loop_find", "call_args": {"query": {"filename": "tpl1606792128602.png", "_filepath": "\u4ea7\u5730\u884c\u60c51.air\\tpl1606792128602.png", "threshold": 0.7, "target_pos": 5, "record_pos": [-0.12, 0.412], "resolution": [1080, 1920], "rgb": false, "__class__": "Template"}, "timeout": 20, "threshold": null, "interval": 0.5, "intervalfunc": null}, "start_time": 1614062481.8712842, "traceback": "Traceback (most recent call last):\n  File \"C:\\Users\\Administrator\\AppData\\Local\\Programs\\Python\\Python36\\lib\\site-packages\\airtest\\utils\\logwraper.py\", line 84, in wrapper\n    res = f(*args, **kwargs)\n  File \"C:\\Users\\Administrator\\AppData\\Local\\Programs\\Python\\Python36\\lib\\site-packages\\airtest\\core\\cv.py\", line 59, in loop_find\n    screen = G.DEVICE.snapshot(filename=None, quality=ST.SNAPSHOT_QUALITY)\n  File \"C:\\Users\\Administrator\\AppData\\Local\\Programs\\Python\\Python36\\lib\\site-packages\\airtest\\core\\android\\android.py\", line 260, in snapshot\n    screen = self.minicap.get_frame_from_stream()\n  File \"C:\\Users\\Administrator\\AppData\\Local\\Programs\\Python\\Python36\\lib\\site-packages\\airtest\\core\\android\\minicap.py\", line 24, in wrapper\n    return func(inst, *args, **kwargs)\n  File \"C:\\Users\\Administrator\\AppData\\Local\\Programs\\Python\\Python36\\lib\\site-packages\\airtest\\core\\android\\minicap.py\", line 357, in get_frame_from_stream\n    self.frame_gen = self.get_stream()\n  File \"C:\\Users\\Administrator\\AppData\\Local\\Programs\\Python\\Python36\\lib\\site-packages\\airtest\\utils\\snippet.py\", line 107, in ready_func\n    return func(inst, *args, **kwargs)\n  File \"C:\\Users\\Administrator\\AppData\\Local\\Programs\\Python\\Python36\\lib\\site-packages\\airtest\\core\\android\\minicap.py\", line 245, in get_stream\n    stopped = next(gen)\n  File \"C:\\Users\\Administrator\\AppData\\Local\\Programs\\Python\\Python36\\lib\\site-packages\\airtest\\core\\android\\minicap.py\", line 259, in _get_stream\n    proc, nbsp, localport = self._setup_stream_server(lazy=lazy)\n  File \"C:\\Users\\Administrator\\AppData\\Local\\Programs\\Python\\Python36\\lib\\site-packages\\airtest\\core\\android\\minicap.py\", line 330, in _setup_stream_server\n    raise RuntimeError(\"minicap server setup timeout\")\nRuntimeError: minicap server setup timeout\n", "end_time": 1614062489.1250324}}
{"tag": "function", "depth": 1, "time": 1614062489.1295443, "data": {"name": "touch", "call_args": {"v": {"filename": "tpl1606792128602.png", "_filepath": "\u4ea7\u5730\u884c\u60c51.air\\tpl1606792128602.png", "threshold": 0.7, "target_pos": 5, "record_pos": [-0.12, 0.412], "resolution": [1080, 1920], "rgb": false, "__class__": "Template"}, "kwargs": {}, "times": 1}, "start_time": 1614062481.8712842, "traceback": "Traceback (most recent call last):\n  File \"C:\\Users\\Administrator\\AppData\\Local\\Programs\\Python\\Python36\\lib\\site-packages\\airtest\\utils\\logwraper.py\", line 84, in wrapper\n    res = f(*args, **kwargs)\n  File \"C:\\Users\\Administrator\\AppData\\Local\\Programs\\Python\\Python36\\lib\\site-packages\\airtest\\core\\api.py\", line 261, in touch\n    pos = loop_find(v, timeout=ST.FIND_TIMEOUT)\n  File \"C:\\Users\\Administrator\\AppData\\Local\\Programs\\Python\\Python36\\lib\\site-packages\\airtest\\utils\\logwraper.py\", line 84, in wrapper\n    res = f(*args, **kwargs)\n  File \"C:\\Users\\Administrator\\AppData\\Local\\Programs\\Python\\Python36\\lib\\site-packages\\airtest\\core\\cv.py\", line 59, in loop_find\n    screen = G.DEVICE.snapshot(filename=None, quality=ST.SNAPSHOT_QUALITY)\n  File \"C:\\Users\\Administrator\\AppData\\Local\\Programs\\Python\\Python36\\lib\\site-packages\\airtest\\core\\android\\android.py\", line 260, in snapshot\n    screen = self.minicap.get_frame_from_stream()\n  File \"C:\\Users\\Administrator\\AppData\\Local\\Programs\\Python\\Python36\\lib\\site-packages\\airtest\\core\\android\\minicap.py\", line 24, in wrapper\n    return func(inst, *args, **kwargs)\n  File \"C:\\Users\\Administrator\\AppData\\Local\\Programs\\Python\\Python36\\lib\\site-packages\\airtest\\core\\android\\minicap.py\", line 357, in get_frame_from_stream\n    self.frame_gen = self.get_stream()\n  File \"C:\\Users\\Administrator\\AppData\\Local\\Programs\\Python\\Python36\\lib\\site-packages\\airtest\\utils\\snippet.py\", line 107, in ready_func\n    return func(inst, *args, **kwargs)\n  File \"C:\\Users\\Administrator\\AppData\\Local\\Programs\\Python\\Python36\\lib\\site-packages\\airtest\\core\\android\\minicap.py\", line 245, in get_stream\n    stopped = next(gen)\n  File \"C:\\Users\\Administrator\\AppData\\Local\\Programs\\Python\\Python36\\lib\\site-packages\\airtest\\core\\android\\minicap.py\", line 259, in _get_stream\n    proc, nbsp, localport = self._setup_stream_server(lazy=lazy)\n  File \"C:\\Users\\Administrator\\AppData\\Local\\Programs\\Python\\Python36\\lib\\site-packages\\airtest\\core\\android\\minicap.py\", line 330, in _setup_stream_server\n    raise RuntimeError(\"minicap server setup timeout\")\nRuntimeError: minicap server setup timeout\n", "end_time": 1614062489.1295443}}
{"tag": "function", "depth": 2, "time": 1614062494.5911534, "data": {"name": "try_log_screen", "call_args": {"screen": null, "quality": null, "max_size": null}, "start_time": 1614062489.1300437, "traceback": "Traceback (most recent call last):\n  File \"C:\\Users\\Administrator\\AppData\\Local\\Programs\\Python\\Python36\\lib\\site-packages\\airtest\\cli\\runner.py\", line 70, in runTest\n    exec(compile(code.encode(\"utf-8\"), pyfilepath, 'exec'), self.scope)\n  File \"D:\\wangmin\\air\\1\\godsprojects\\godsprojects\\\u4ea7\u5730\u884c\u60c51.air\\\u4ea7\u5730\u884c\u60c51.py\", line 13, in <module>\n    touch(Template(r\"tpl1606792128602.png\", record_pos=(-0.12, 0.412), resolution=(1080, 1920)))\n  File \"C:\\Users\\Administrator\\AppData\\Local\\Programs\\Python\\Python36\\lib\\site-packages\\airtest\\utils\\logwraper.py\", line 84, in wrapper\n    res = f(*args, **kwargs)\n  File \"C:\\Users\\Administrator\\AppData\\Local\\Programs\\Python\\Python36\\lib\\site-packages\\airtest\\core\\api.py\", line 261, in touch\n    pos = loop_find(v, timeout=ST.FIND_TIMEOUT)\n  File \"C:\\Users\\Administrator\\AppData\\Local\\Programs\\Python\\Python36\\lib\\site-packages\\airtest\\utils\\logwraper.py\", line 84, in wrapper\n    res = f(*args, **kwargs)\n  File \"C:\\Users\\Administrator\\AppData\\Local\\Programs\\Python\\Python36\\lib\\site-packages\\airtest\\core\\cv.py\", line 59, in loop_find\n    screen = G.DEVICE.snapshot(filename=None, quality=ST.SNAPSHOT_QUALITY)\n  File \"C:\\Users\\Administrator\\AppData\\Local\\Programs\\Python\\Python36\\lib\\site-packages\\airtest\\core\\android\\android.py\", line 260, in snapshot\n    screen = self.minicap.get_frame_from_stream()\n  File \"C:\\Users\\Administrator\\AppData\\Local\\Programs\\Python\\Python36\\lib\\site-packages\\airtest\\core\\android\\minicap.py\", line 24, in wrapper\n    return func(inst, *args, **kwargs)\n  File \"C:\\Users\\Administrator\\AppData\\Local\\Programs\\Python\\Python36\\lib\\site-packages\\airtest\\core\\android\\minicap.py\", line 357, in get_frame_from_stream\n    self.frame_gen = self.get_stream()\n  File \"C:\\Users\\Administrator\\AppData\\Local\\Programs\\Python\\Python36\\lib\\site-packages\\airtest\\utils\\snippet.py\", line 107, in ready_func\n    return func(inst, *args, **kwargs)\n  File \"C:\\Users\\Administrator\\AppData\\Local\\Programs\\Python\\Python36\\lib\\site-packages\\airtest\\core\\android\\minicap.py\", line 245, in get_stream\n    stopped = next(gen)\n  File \"C:\\Users\\Administrator\\AppData\\Local\\Programs\\Python\\Python36\\lib\\site-packages\\airtest\\core\\android\\minicap.py\", line 259, in _get_stream\n    proc, nbsp, localport = self._setup_stream_server(lazy=lazy)\n  File \"C:\\Users\\Administrator\\AppData\\Local\\Programs\\Python\\Python36\\lib\\site-packages\\airtest\\core\\android\\minicap.py\", line 330, in _setup_stream_server\n    raise RuntimeError(\"minicap server setup timeout\")\nRuntimeError: minicap server setup timeout\n\nDuring handling of the above exception, another exception occurred:\n\nTraceback (most recent call last):\n  File \"C:\\Users\\Administrator\\AppData\\Local\\Programs\\Python\\Python36\\lib\\site-packages\\airtest\\utils\\logwraper.py\", line 84, in wrapper\n    res = f(*args, **kwargs)\n  File \"C:\\Users\\Administrator\\AppData\\Local\\Programs\\Python\\Python36\\lib\\site-packages\\airtest\\core\\cv.py\", line 103, in try_log_screen\n    screen = G.DEVICE.snapshot(quality=quality)\n  File \"C:\\Users\\Administrator\\AppData\\Local\\Programs\\Python\\Python36\\lib\\site-packages\\airtest\\core\\android\\android.py\", line 260, in snapshot\n    screen = self.minicap.get_frame_from_stream()\n  File \"C:\\Users\\Administrator\\AppData\\Local\\Programs\\Python\\Python36\\lib\\site-packages\\airtest\\core\\android\\minicap.py\", line 24, in wrapper\n    return func(inst, *args, **kwargs)\n  File \"C:\\Users\\Administrator\\AppData\\Local\\Programs\\Python\\Python36\\lib\\site-packages\\airtest\\core\\android\\minicap.py\", line 357, in get_frame_from_stream\n    self.frame_gen = self.get_stream()\n  File \"C:\\Users\\Administrator\\AppData\\Local\\Programs\\Python\\Python36\\lib\\site-packages\\airtest\\utils\\snippet.py\", line 107, in ready_func\n    return func(inst, *args, **kwargs)\n  File \"C:\\Users\\Administrator\\AppData\\Local\\Programs\\Python\\Python36\\lib\\site-packages\\airtest\\core\\android\\minicap.py\", line 245, in get_stream\n    stopped = next(gen)\n  File \"C:\\Users\\Administrator\\AppData\\Local\\Programs\\Python\\Python36\\lib\\site-packages\\airtest\\core\\android\\minicap.py\", line 259, in _get_stream\n    proc, nbsp, localport = self._setup_stream_server(lazy=lazy)\n  File \"C:\\Users\\Administrator\\AppData\\Local\\Programs\\Python\\Python36\\lib\\site-packages\\airtest\\core\\android\\minicap.py\", line 330, in _setup_stream_server\n    raise RuntimeError(\"minicap server setup timeout\")\nRuntimeError: minicap server setup timeout\n", "end_time": 1614062494.5911534}}
